<?xml version="1.0" encoding="UTF-8"?>
<!-- Generated by org.testng.reporters.JUnitReportReporter -->
<testsuite hostname="DESKTOP-AHFSB1P" failures="0" tests="3" name="com.tutorialsninjademo.qa.testcases.LoginTest" time="57.387" errors="0" timestamp="2025-07-06T12:46:14 IST" skipped="0">
  <testcase classname="com.tutorialsninjademo.qa.testcases.LoginTest" name="verifyLoginWithValidCredentials" time="14.909"/>
  <testcase classname="com.tutorialsninjademo.qa.testcases.LoginTest" name="verifyLoginWithValidCredentials" time="15.471"/>
  <testcase classname="com.tutorialsninjademo.qa.testcases.LoginTest" name="verifyLoginWithValidCredentials" time="27.007"/>
</testsuite> <!-- com.tutorialsninjademo.qa.testcases.LoginTest -->
