<?xml version="1.0" encoding="UTF-8"?>
<!-- Generated by org.testng.reporters.JUnitReportReporter -->
<testsuite hostname="DESKTOP-AHFSB1P" failures="0" tests="7" name="com.tutorialsninjademo.qa.testcases.RegisterTest" time="457.137" errors="0" timestamp="2025-07-19T19:38:35 IST" skipped="0">
  <testcase classname="com.tutorialsninjademo.qa.testcases.RegisterTest" name="verifyRegisteringAnAccountWithMandatoryFields" time="34.708"/>
  <testcase classname="com.tutorialsninjademo.qa.testcases.RegisterTest" name="registeringAnAccountWithAllField" time="271.795"/>
  <testcase classname="com.tutorialsninjademo.qa.testcases.RegisterTest" name="verifyRegisteringAnAccountWithExistingEmailId" time="20.621"/>
  <testcase classname="com.tutorialsninjademo.qa.testcases.RegisterTest" name="verifyRegisteringAnAccountWithoutProvidingAnyDetails" time="25.238"/>
  <testcase classname="com.tutorialsninjademo.qa.testcases.RegisterTest" name="verifyRegisteringAnAccountWithInvalidEmail" time="24.030"/>
  <testcase classname="com.tutorialsninjademo.qa.testcases.RegisterTest" name="registeringAnAccountUsingKeyboardKeys" time="58.687"/>
  <testcase classname="com.tutorialsninjademo.qa.testcases.RegisterTest" name="verifyBreadCrumbPageHeadingTitleAndURLOfRegisterPage" time="22.058"/>
</testsuite> <!-- com.tutorialsninjademo.qa.testcases.RegisterTest -->
