<?xml version="1.0" encoding="UTF-8"?>
<!-- Generated by org.testng.reporters.JUnitReportReporter -->
<testsuite hostname="DESKTOP-AHFSB1P" failures="0" tests="1" name="com.tutorialsninjademo.qa.testcases.Logout" time="298.573" errors="0" timestamp="2025-04-12T19:06:57 IST" skipped="0">
  <testcase classname="com.tutorialsninjademo.qa.testcases.Logout" name="verifyAccountLogoutFunctionality" time="298.573"/>
</testsuite> <!-- com.tutorialsninjademo.qa.testcases.Logout -->
