<?xml version="1.0" encoding="UTF-8"?>
<!-- Generated by org.testng.reporters.JUnitReportReporter -->
<testsuite hostname="DESKTOP-AHFSB1P" failures="0" tests="1" name="com.tutorialsninjademo.qa.testcases.SearchTest" time="43.807" errors="0" timestamp="2025-07-06T18:36:28 IST" skipped="0">
  <testcase classname="com.tutorialsninjademo.qa.testcases.SearchTest" name="verifySearchFieldsPlaceholders" time="43.807"/>
</testsuite> <!-- com.tutorialsninjademo.qa.testcases.SearchTest -->
