<?xml version="1.0" encoding="UTF-8"?>
<!-- Generated by org.testng.reporters.JUnitReportReporter -->
<testsuite hostname="DESKTOP-AHFSB1P" failures="0" tests="1" name="com.tutorialsninjademo.qa.testcases.SearchTest" time="37.535" errors="0" timestamp="2025-07-19T21:58:43 IST" skipped="0">
  <testcase classname="com.tutorialsninjademo.qa.testcases.SearchTest" name="verifySearchByUsingParentCatagoryAndSearchInSubcatagoriesOption" time="37.535"/>
</testsuite> <!-- com.tutorialsninjademo.qa.testcases.SearchTest -->
