<?xml version="1.0" encoding="UTF-8"?>
<!-- Generated by org.testng.reporters.JUnitReportReporter -->
<testsuite hostname="DESKTOP-AHFSB1P" failures="0" tests="1" name="com.tutorialsninjademo.qa.testcases.RegisterTest" time="25.808" errors="0" timestamp="2025-07-06T13:05:18 IST" skipped="0">
  <testcase classname="com.tutorialsninjademo.qa.testcases.RegisterTest" name="verifyRegisteringAnAccountWithMandatoryFields" time="25.808"/>
</testsuite> <!-- com.tutorialsninjademo.qa.testcases.RegisterTest -->
