<?xml version="1.0" encoding="UTF-8"?>
<!-- Generated by org.testng.reporters.JUnitReportReporter -->
<testsuite hostname="DESKTOP-AHFSB1P" failures="0" tests="8" name="com.tutorialsninjademo.qa.testcases.LogoutTest" time="311.183" errors="0" timestamp="2025-07-19T19:38:35 IST" skipped="0">
  <testcase classname="com.tutorialsninjademo.qa.testcases.LogoutTest" name="verifyLoggingOutUsingMyAccountDropMenu" time="15.269"/>
  <testcase classname="com.tutorialsninjademo.qa.testcases.LogoutTest" name="verifyLoggingOutUsingRightColumnOption" time="14.386"/>
  <testcase classname="com.tutorialsninjademo.qa.testcases.LogoutTest" name="verifyLoggingOutAndBrowsingBack" time="11.415"/>
  <testcase classname="com.tutorialsninjademo.qa.testcases.LogoutTest" name="verifyNoLogoutOptionIsDisplyedBeforeLogin" time="100.833"/>
  <testcase classname="com.tutorialsninjademo.qa.testcases.LogoutTest" name="verifyThereIsNoRightColumnLogoutOptionBeforeLogin" time="112.259"/>
  <testcase classname="com.tutorialsninjademo.qa.testcases.LogoutTest" name="verifyLoginAfterLogout" time="25.132"/>
  <testcase classname="com.tutorialsninjademo.qa.testcases.LogoutTest" name="verifyBreadCrumbTitleHeadingAndURLOfAccountLogoutPage" time="17.053"/>
  <testcase classname="com.tutorialsninjademo.qa.testcases.LogoutTest" name="verifyAccountLogoutFunctionality" time="14.836"/>
</testsuite> <!-- com.tutorialsninjademo.qa.testcases.LogoutTest -->
