<?xml version="1.0" encoding="UTF-8"?>
<!-- Generated by org.testng.reporters.JUnitReportReporter -->
<testsuite hostname="DESKTOP-AHFSB1P" failures="0" tests="1" name="com.tutorialsninjademo.qa.testcases.SearchTest" time="122.280" errors="0" timestamp="2025-07-27T15:57:25 IST" skipped="0">
  <testcase classname="com.tutorialsninjademo.qa.testcases.SearchTest" name="verifyProductInSearchResultsInListViewAndGridView" time="122.280"/>
</testsuite> <!-- com.tutorialsninjademo.qa.testcases.SearchTest -->
