<?xml version="1.0" encoding="UTF-8"?>
<!-- Generated by org.testng.reporters.JUnitReportReporter -->
<testsuite hostname="DESKTOP-AHFSB1P" failures="0" tests="1" name="com.tutorialsninjademo.qa.testcases.LogoutTest" time="41.983" errors="0" timestamp="2025-06-22T12:35:30 IST" skipped="0">
  <testcase classname="com.tutorialsninjademo.qa.testcases.LogoutTest" name="verifyBreadCrumbTitleHeadingAndURLOfAccountLogoutPage" time="41.983"/>
</testsuite> <!-- com.tutorialsninjademo.qa.testcases.LogoutTest -->
