<?xml version="1.0" encoding="UTF-8"?>
<!-- Generated by org.testng.reporters.JUnitReportReporter -->
<testsuite hostname="DESKTOP-AHFSB1P" failures="0" tests="2" name="com.tutorialsninjademo.qa.testcases.SearchTest" time="31.981" errors="0" timestamp="2025-07-13T11:57:37 IST" skipped="0">
  <testcase classname="com.tutorialsninjademo.qa.testcases.SearchTest" name="verifySearchWithInvalidProduct" time="22.579"/>
  <testcase classname="com.tutorialsninjademo.qa.testcases.SearchTest" name="verifySearchWithoutAnyProduct" time="9.402"/>
</testsuite> <!-- com.tutorialsninjademo.qa.testcases.SearchTest -->
