<?xml version="1.0" encoding="UTF-8"?>
<!-- Generated by org.testng.reporters.JUnitReportReporter -->
<testsuite hostname="DESKTOP-AHFSB1P" failures="0" tests="1" name="com.tutorialsninjademo.qa.testcases.SearchTest" time="46.912" errors="0" timestamp="2025-10-05T13:35:17 IST" skipped="0">
  <testcase classname="com.tutorialsninjademo.qa.testcases.SearchTest" name="verifyNavigationToProductComparePage" time="46.912"/>
</testsuite> <!-- com.tutorialsninjademo.qa.testcases.SearchTest -->
